app/build/intermediates/manifest_merge_blame_file/debug/processDebugMainManifest/manifest-merger-blame-debug-report.txt
1<?xml version="1.0" encoding="utf-8"?>
2<manifest xmlns:android="http://schemas.android.com/apk/res/android"
3    package="rs.smobile.catsvsdogs"
4    android:versionCode="1"
5    android:versionName="1.0" >
6
7    <uses-sdk
8        android:minSdkVersion="29"
9        android:targetSdkVersion="35" />
10
11    <uses-permission android:name="android.permission.INTERNET" />
11-->src\main\AndroidManifest.xml:5:5-67
11-->src\main\AndroidManifest.xml:5:22-64
12    <uses-permission android:name="android.permission.WAKE_LOCK" />
12-->[androidx.work:work-runtime:2.10.1] AndroidManifest.xml:23:5-68
12-->[androidx.work:work-runtime:2.10.1] AndroidManifest.xml:23:22-65
13    <uses-permission android:name="android.permission.ACCESS_NETWORK_STATE" />
13-->[androidx.work:work-runtime:2.10.1] AndroidManifest.xml:24:5-79
13-->[androidx.work:work-runtime:2.10.1] AndroidManifest.xml:24:22-76
14    <uses-permission android:name="android.permission.RECEIVE_BOOT_COMPLETED" />
14-->[androidx.work:work-runtime:2.10.1] AndroidManifest.xml:25:5-81
14-->[androidx.work:work-runtime:2.10.1] AndroidManifest.xml:25:22-78
15    <uses-permission android:name="android.permission.FOREGROUND_SERVICE" />
15-->[androidx.work:work-runtime:2.10.1] AndroidManifest.xml:26:5-77
15-->[androidx.work:work-runtime:2.10.1] AndroidManifest.xml:26:22-74
16
17    <permission
17-->[androidx.core:core:1.16.0] AndroidManifest.xml:22:5-24:47
18        android:name="rs.smobile.catsvsdogs.DYNAMIC_RECEIVER_NOT_EXPORTED_PERMISSION"
18-->[androidx.core:core:1.16.0] AndroidManifest.xml:23:9-81
19        android:protectionLevel="signature" />
19-->[androidx.core:core:1.16.0] AndroidManifest.xml:24:9-44
20
21    <uses-permission android:name="rs.smobile.catsvsdogs.DYNAMIC_RECEIVER_NOT_EXPORTED_PERMISSION" />
21-->[androidx.core:core:1.16.0] AndroidManifest.xml:26:5-97
21-->[androidx.core:core:1.16.0] AndroidManifest.xml:26:22-94
22
23    <application
23-->src\main\AndroidManifest.xml:7:5-27:19
24        android:name="rs.smobile.catsvsdogs.LiteRtApplication"
24-->src\main\AndroidManifest.xml:8:9-42
25        android:allowBackup="true"
25-->src\main\AndroidManifest.xml:9:9-35
26        android:appComponentFactory="androidx.core.app.CoreComponentFactory"
26-->[androidx.core:core:1.16.0] AndroidManifest.xml:28:18-86
27        android:dataExtractionRules="@xml/data_extraction_rules"
27-->src\main\AndroidManifest.xml:10:9-65
28        android:debuggable="true"
29        android:extractNativeLibs="false"
30        android:fullBackupContent="@xml/backup_rules"
30-->src\main\AndroidManifest.xml:11:9-54
31        android:icon="@mipmap/ic_launcher"
31-->src\main\AndroidManifest.xml:12:9-43
32        android:label="@string/app_name"
32-->src\main\AndroidManifest.xml:13:9-41
33        android:roundIcon="@mipmap/ic_launcher_round"
33-->src\main\AndroidManifest.xml:14:9-54
34        android:supportsRtl="true"
34-->src\main\AndroidManifest.xml:15:9-35
35        android:testOnly="true"
36        android:theme="@style/Theme.CatsVsDogs" >
36-->src\main\AndroidManifest.xml:16:9-48
37        <activity
37-->src\main\AndroidManifest.xml:18:9-26:20
38            android:name="rs.smobile.catsvsdogs.MainActivity"
38-->src\main\AndroidManifest.xml:19:13-41
39            android:exported="true"
39-->src\main\AndroidManifest.xml:20:13-36
40            android:theme="@style/Theme.CatsVsDogs" >
40-->src\main\AndroidManifest.xml:21:13-52
41            <intent-filter>
41-->src\main\AndroidManifest.xml:22:13-25:29
42                <action android:name="android.intent.action.MAIN" />
42-->src\main\AndroidManifest.xml:23:17-69
42-->src\main\AndroidManifest.xml:23:25-66
43
44                <category android:name="android.intent.category.LAUNCHER" />
44-->src\main\AndroidManifest.xml:24:17-77
44-->src\main\AndroidManifest.xml:24:27-74
45            </intent-filter>
46        </activity>
47        <activity
47-->[androidx.compose.ui:ui-tooling-android:1.8.2] AndroidManifest.xml:23:9-25:39
48            android:name="androidx.compose.ui.tooling.PreviewActivity"
48-->[androidx.compose.ui:ui-tooling-android:1.8.2] AndroidManifest.xml:24:13-71
49            android:exported="true" />
49-->[androidx.compose.ui:ui-tooling-android:1.8.2] AndroidManifest.xml:25:13-36
50
51        <provider
51-->[androidx.work:work-runtime:2.10.1] AndroidManifest.xml:29:9-37:20
52            android:name="androidx.startup.InitializationProvider"
52-->[androidx.work:work-runtime:2.10.1] AndroidManifest.xml:30:13-67
53            android:authorities="rs.smobile.catsvsdogs.androidx-startup"
53-->[androidx.work:work-runtime:2.10.1] AndroidManifest.xml:31:13-68
54            android:exported="false" >
54-->[androidx.work:work-runtime:2.10.1] AndroidManifest.xml:32:13-37
55            <meta-data
55-->[androidx.work:work-runtime:2.10.1] AndroidManifest.xml:34:13-36:52
56                android:name="androidx.work.WorkManagerInitializer"
56-->[androidx.work:work-runtime:2.10.1] AndroidManifest.xml:35:17-68
57                android:value="androidx.startup" />
57-->[androidx.work:work-runtime:2.10.1] AndroidManifest.xml:36:17-49
58            <meta-data
58-->[androidx.emoji2:emoji2:1.4.0] AndroidManifest.xml:29:13-31:52
59                android:name="androidx.emoji2.text.EmojiCompatInitializer"
59-->[androidx.emoji2:emoji2:1.4.0] AndroidManifest.xml:30:17-75
60                android:value="androidx.startup" />
60-->[androidx.emoji2:emoji2:1.4.0] AndroidManifest.xml:31:17-49
61            <meta-data
61-->[androidx.lifecycle:lifecycle-process:2.9.0] AndroidManifest.xml:29:13-31:52
62                android:name="androidx.lifecycle.ProcessLifecycleInitializer"
62-->[androidx.lifecycle:lifecycle-process:2.9.0] AndroidManifest.xml:30:17-78
63                android:value="androidx.startup" />
63-->[androidx.lifecycle:lifecycle-process:2.9.0] AndroidManifest.xml:31:17-49
64            <meta-data
64-->[androidx.profileinstaller:profileinstaller:1.4.0] AndroidManifest.xml:29:13-31:52
65                android:name="androidx.profileinstaller.ProfileInstallerInitializer"
65-->[androidx.profileinstaller:profileinstaller:1.4.0] AndroidManifest.xml:30:17-85
66                android:value="androidx.startup" />
66-->[androidx.profileinstaller:profileinstaller:1.4.0] AndroidManifest.xml:31:17-49
67        </provider>
68
69        <service
69-->[androidx.work:work-runtime:2.10.1] AndroidManifest.xml:39:9-45:35
70            android:name="androidx.work.impl.background.systemalarm.SystemAlarmService"
70-->[androidx.work:work-runtime:2.10.1] AndroidManifest.xml:40:13-88
71            android:directBootAware="false"
71-->[androidx.work:work-runtime:2.10.1] AndroidManifest.xml:41:13-44
72            android:enabled="@bool/enable_system_alarm_service_default"
72-->[androidx.work:work-runtime:2.10.1] AndroidManifest.xml:42:13-72
73            android:exported="false" />
73-->[androidx.work:work-runtime:2.10.1] AndroidManifest.xml:43:13-37
74        <service
74-->[androidx.work:work-runtime:2.10.1] AndroidManifest.xml:46:9-52:35
75            android:name="androidx.work.impl.background.systemjob.SystemJobService"
75-->[androidx.work:work-runtime:2.10.1] AndroidManifest.xml:47:13-84
76            android:directBootAware="false"
76-->[androidx.work:work-runtime:2.10.1] AndroidManifest.xml:48:13-44
77            android:enabled="@bool/enable_system_job_service_default"
77-->[androidx.work:work-runtime:2.10.1] AndroidManifest.xml:49:13-70
78            android:exported="true"
78-->[androidx.work:work-runtime:2.10.1] AndroidManifest.xml:50:13-36
79            android:permission="android.permission.BIND_JOB_SERVICE" />
79-->[androidx.work:work-runtime:2.10.1] AndroidManifest.xml:51:13-69
80        <service
80-->[androidx.work:work-runtime:2.10.1] AndroidManifest.xml:53:9-59:35
81            android:name="androidx.work.impl.foreground.SystemForegroundService"
81-->[androidx.work:work-runtime:2.10.1] AndroidManifest.xml:54:13-81
82            android:directBootAware="false"
82-->[androidx.work:work-runtime:2.10.1] AndroidManifest.xml:55:13-44
83            android:enabled="@bool/enable_system_foreground_service_default"
83-->[androidx.work:work-runtime:2.10.1] AndroidManifest.xml:56:13-77
84            android:exported="false" />
84-->[androidx.work:work-runtime:2.10.1] AndroidManifest.xml:57:13-37
85
86        <receiver
86-->[androidx.work:work-runtime:2.10.1] AndroidManifest.xml:61:9-66:35
87            android:name="androidx.work.impl.utils.ForceStopRunnable$BroadcastReceiver"
87-->[androidx.work:work-runtime:2.10.1] AndroidManifest.xml:62:13-88
88            android:directBootAware="false"
88-->[androidx.work:work-runtime:2.10.1] AndroidManifest.xml:63:13-44
89            android:enabled="true"
89-->[androidx.work:work-runtime:2.10.1] AndroidManifest.xml:64:13-35
90            android:exported="false" />
90-->[androidx.work:work-runtime:2.10.1] AndroidManifest.xml:65:13-37
91        <receiver
91-->[androidx.work:work-runtime:2.10.1] AndroidManifest.xml:67:9-77:20
92            android:name="androidx.work.impl.background.systemalarm.ConstraintProxy$BatteryChargingProxy"
92-->[androidx.work:work-runtime:2.10.1] AndroidManifest.xml:68:13-106
93            android:directBootAware="false"
93-->[androidx.work:work-runtime:2.10.1] AndroidManifest.xml:69:13-44
94            android:enabled="false"
94-->[androidx.work:work-runtime:2.10.1] AndroidManifest.xml:70:13-36
95            android:exported="false" >
95-->[androidx.work:work-runtime:2.10.1] AndroidManifest.xml:71:13-37
96            <intent-filter>
96-->[androidx.work:work-runtime:2.10.1] AndroidManifest.xml:73:13-76:29
97                <action android:name="android.intent.action.ACTION_POWER_CONNECTED" />
97-->[androidx.work:work-runtime:2.10.1] AndroidManifest.xml:74:17-87
97-->[androidx.work:work-runtime:2.10.1] AndroidManifest.xml:74:25-84
98                <action android:name="android.intent.action.ACTION_POWER_DISCONNECTED" />
98-->[androidx.work:work-runtime:2.10.1] AndroidManifest.xml:75:17-90
98-->[androidx.work:work-runtime:2.10.1] AndroidManifest.xml:75:25-87
99            </intent-filter>
100        </receiver>
101        <receiver
101-->[androidx.work:work-runtime:2.10.1] AndroidManifest.xml:78:9-88:20
102            android:name="androidx.work.impl.background.systemalarm.ConstraintProxy$BatteryNotLowProxy"
102-->[androidx.work:work-runtime:2.10.1] AndroidManifest.xml:79:13-104
103            android:directBootAware="false"
103-->[androidx.work:work-runtime:2.10.1] AndroidManifest.xml:80:13-44
104            android:enabled="false"
104-->[androidx.work:work-runtime:2.10.1] AndroidManifest.xml:81:13-36
105            android:exported="false" >
105-->[androidx.work:work-runtime:2.10.1] AndroidManifest.xml:82:13-37
106            <intent-filter>
106-->[androidx.work:work-runtime:2.10.1] AndroidManifest.xml:84:13-87:29
107                <action android:name="android.intent.action.BATTERY_OKAY" />
107-->[androidx.work:work-runtime:2.10.1] AndroidManifest.xml:85:17-77
107-->[androidx.work:work-runtime:2.10.1] AndroidManifest.xml:85:25-74
108                <action android:name="android.intent.action.BATTERY_LOW" />
108-->[androidx.work:work-runtime:2.10.1] AndroidManifest.xml:86:17-76
108-->[androidx.work:work-runtime:2.10.1] AndroidManifest.xml:86:25-73
109            </intent-filter>
110        </receiver>
111        <receiver
111-->[androidx.work:work-runtime:2.10.1] AndroidManifest.xml:89:9-99:20
112            android:name="androidx.work.impl.background.systemalarm.ConstraintProxy$StorageNotLowProxy"
112-->[androidx.work:work-runtime:2.10.1] AndroidManifest.xml:90:13-104
113            android:directBootAware="false"
113-->[androidx.work:work-runtime:2.10.1] AndroidManifest.xml:91:13-44
114            android:enabled="false"
114-->[androidx.work:work-runtime:2.10.1] AndroidManifest.xml:92:13-36
115            android:exported="false" >
115-->[androidx.work:work-runtime:2.10.1] AndroidManifest.xml:93:13-37
116            <intent-filter>
116-->[androidx.work:work-runtime:2.10.1] AndroidManifest.xml:95:13-98:29
117                <action android:name="android.intent.action.DEVICE_STORAGE_LOW" />
117-->[androidx.work:work-runtime:2.10.1] AndroidManifest.xml:96:17-83
117-->[androidx.work:work-runtime:2.10.1] AndroidManifest.xml:96:25-80
118                <action android:name="android.intent.action.DEVICE_STORAGE_OK" />
118-->[androidx.work:work-runtime:2.10.1] AndroidManifest.xml:97:17-82
118-->[androidx.work:work-runtime:2.10.1] AndroidManifest.xml:97:25-79
119            </intent-filter>
120        </receiver>
121        <receiver
121-->[androidx.work:work-runtime:2.10.1] AndroidManifest.xml:100:9-109:20
122            android:name="androidx.work.impl.background.systemalarm.ConstraintProxy$NetworkStateProxy"
122-->[androidx.work:work-runtime:2.10.1] AndroidManifest.xml:101:13-103
123            android:directBootAware="false"
123-->[androidx.work:work-runtime:2.10.1] AndroidManifest.xml:102:13-44
124            android:enabled="false"
124-->[androidx.work:work-runtime:2.10.1] AndroidManifest.xml:103:13-36
125            android:exported="false" >
125-->[androidx.work:work-runtime:2.10.1] AndroidManifest.xml:104:13-37
126            <intent-filter>
126-->[androidx.work:work-runtime:2.10.1] AndroidManifest.xml:106:13-108:29
127                <action android:name="android.net.conn.CONNECTIVITY_CHANGE" />
127-->[androidx.work:work-runtime:2.10.1] AndroidManifest.xml:107:17-79
127-->[androidx.work:work-runtime:2.10.1] AndroidManifest.xml:107:25-76
128            </intent-filter>
129        </receiver>
130        <receiver
130-->[androidx.work:work-runtime:2.10.1] AndroidManifest.xml:110:9-121:20
131            android:name="androidx.work.impl.background.systemalarm.RescheduleReceiver"
131-->[androidx.work:work-runtime:2.10.1] AndroidManifest.xml:111:13-88
132            android:directBootAware="false"
132-->[androidx.work:work-runtime:2.10.1] AndroidManifest.xml:112:13-44
133            android:enabled="false"
133-->[androidx.work:work-runtime:2.10.1] AndroidManifest.xml:113:13-36
134            android:exported="false" >
134-->[androidx.work:work-runtime:2.10.1] AndroidManifest.xml:114:13-37
135            <intent-filter>
135-->[androidx.work:work-runtime:2.10.1] AndroidManifest.xml:116:13-120:29
136                <action android:name="android.intent.action.BOOT_COMPLETED" />
136-->[androidx.work:work-runtime:2.10.1] AndroidManifest.xml:117:17-79
136-->[androidx.work:work-runtime:2.10.1] AndroidManifest.xml:117:25-76
137                <action android:name="android.intent.action.TIME_SET" />
137-->[androidx.work:work-runtime:2.10.1] AndroidManifest.xml:118:17-73
137-->[androidx.work:work-runtime:2.10.1] AndroidManifest.xml:118:25-70
138                <action android:name="android.intent.action.TIMEZONE_CHANGED" />
138-->[androidx.work:work-runtime:2.10.1] AndroidManifest.xml:119:17-81
138-->[androidx.work:work-runtime:2.10.1] AndroidManifest.xml:119:25-78
139            </intent-filter>
140        </receiver>
141        <receiver
141-->[androidx.work:work-runtime:2.10.1] AndroidManifest.xml:122:9-131:20
142            android:name="androidx.work.impl.background.systemalarm.ConstraintProxyUpdateReceiver"
142-->[androidx.work:work-runtime:2.10.1] AndroidManifest.xml:123:13-99
143            android:directBootAware="false"
143-->[androidx.work:work-runtime:2.10.1] AndroidManifest.xml:124:13-44
144            android:enabled="@bool/enable_system_alarm_service_default"
144-->[androidx.work:work-runtime:2.10.1] AndroidManifest.xml:125:13-72
145            android:exported="false" >
145-->[androidx.work:work-runtime:2.10.1] AndroidManifest.xml:126:13-37
146            <intent-filter>
146-->[androidx.work:work-runtime:2.10.1] AndroidManifest.xml:128:13-130:29
147                <action android:name="androidx.work.impl.background.systemalarm.UpdateProxies" />
147-->[androidx.work:work-runtime:2.10.1] AndroidManifest.xml:129:17-98
147-->[androidx.work:work-runtime:2.10.1] AndroidManifest.xml:129:25-95
148            </intent-filter>
149        </receiver>
150        <receiver
150-->[androidx.work:work-runtime:2.10.1] AndroidManifest.xml:132:9-142:20
151            android:name="androidx.work.impl.diagnostics.DiagnosticsReceiver"
151-->[androidx.work:work-runtime:2.10.1] AndroidManifest.xml:133:13-78
152            android:directBootAware="false"
152-->[androidx.work:work-runtime:2.10.1] AndroidManifest.xml:134:13-44
153            android:enabled="true"
153-->[androidx.work:work-runtime:2.10.1] AndroidManifest.xml:135:13-35
154            android:exported="true"
154-->[androidx.work:work-runtime:2.10.1] AndroidManifest.xml:136:13-36
155            android:permission="android.permission.DUMP" >
155-->[androidx.work:work-runtime:2.10.1] AndroidManifest.xml:137:13-57
156            <intent-filter>
156-->[androidx.work:work-runtime:2.10.1] AndroidManifest.xml:139:13-141:29
157                <action android:name="androidx.work.diagnostics.REQUEST_DIAGNOSTICS" />
157-->[androidx.work:work-runtime:2.10.1] AndroidManifest.xml:140:17-88
157-->[androidx.work:work-runtime:2.10.1] AndroidManifest.xml:140:25-85
158            </intent-filter>
159        </receiver>
160
161        <activity
161-->[androidx.compose.ui:ui-test-manifest:1.8.2] AndroidManifest.xml:23:9-26:79
162            android:name="androidx.activity.ComponentActivity"
162-->[androidx.compose.ui:ui-test-manifest:1.8.2] AndroidManifest.xml:24:13-63
163            android:exported="true"
163-->[androidx.compose.ui:ui-test-manifest:1.8.2] AndroidManifest.xml:25:13-36
164            android:theme="@android:style/Theme.Material.Light.NoActionBar" />
164-->[androidx.compose.ui:ui-test-manifest:1.8.2] AndroidManifest.xml:26:13-76
165
166        <service
166-->[androidx.room:room-runtime:2.6.1] AndroidManifest.xml:24:9-28:63
167            android:name="androidx.room.MultiInstanceInvalidationService"
167-->[androidx.room:room-runtime:2.6.1] AndroidManifest.xml:25:13-74
168            android:directBootAware="true"
168-->[androidx.room:room-runtime:2.6.1] AndroidManifest.xml:26:13-43
169            android:exported="false" />
169-->[androidx.room:room-runtime:2.6.1] AndroidManifest.xml:27:13-37
170
171        <receiver
171-->[androidx.profileinstaller:profileinstaller:1.4.0] AndroidManifest.xml:34:9-52:20
172            android:name="androidx.profileinstaller.ProfileInstallReceiver"
172-->[androidx.profileinstaller:profileinstaller:1.4.0] AndroidManifest.xml:35:13-76
173            android:directBootAware="false"
173-->[androidx.profileinstaller:profileinstaller:1.4.0] AndroidManifest.xml:36:13-44
174            android:enabled="true"
174-->[androidx.profileinstaller:profileinstaller:1.4.0] AndroidManifest.xml:37:13-35
175            android:exported="true"
175-->[androidx.profileinstaller:profileinstaller:1.4.0] AndroidManifest.xml:38:13-36
176            android:permission="android.permission.DUMP" >
176-->[androidx.profileinstaller:profileinstaller:1.4.0] AndroidManifest.xml:39:13-57
177            <intent-filter>
177-->[androidx.profileinstaller:profileinstaller:1.4.0] AndroidManifest.xml:40:13-42:29
178                <action android:name="androidx.profileinstaller.action.INSTALL_PROFILE" />
178-->[androidx.profileinstaller:profileinstaller:1.4.0] AndroidManifest.xml:41:17-91
178-->[androidx.profileinstaller:profileinstaller:1.4.0] AndroidManifest.xml:41:25-88
179            </intent-filter>
180            <intent-filter>
180-->[androidx.profileinstaller:profileinstaller:1.4.0] AndroidManifest.xml:43:13-45:29
181                <action android:name="androidx.profileinstaller.action.SKIP_FILE" />
181-->[androidx.profileinstaller:profileinstaller:1.4.0] AndroidManifest.xml:44:17-85
181-->[androidx.profileinstaller:profileinstaller:1.4.0] AndroidManifest.xml:44:25-82
182            </intent-filter>
183            <intent-filter>
183-->[androidx.profileinstaller:profileinstaller:1.4.0] AndroidManifest.xml:46:13-48:29
184                <action android:name="androidx.profileinstaller.action.SAVE_PROFILE" />
184-->[androidx.profileinstaller:profileinstaller:1.4.0] AndroidManifest.xml:47:17-88
184-->[androidx.profileinstaller:profileinstaller:1.4.0] AndroidManifest.xml:47:25-85
185            </intent-filter>
186            <intent-filter>
186-->[androidx.profileinstaller:profileinstaller:1.4.0] AndroidManifest.xml:49:13-51:29
187                <action android:name="androidx.profileinstaller.action.BENCHMARK_OPERATION" />
187-->[androidx.profileinstaller:profileinstaller:1.4.0] AndroidManifest.xml:50:17-95
187-->[androidx.profileinstaller:profileinstaller:1.4.0] AndroidManifest.xml:50:25-92
188            </intent-filter>
189        </receiver>
190        <!--
191             Applications that target Android S+ require explicit declaration of
192             any referenced vendor-provided libraries.
193        -->
194        <uses-native-library
194-->[com.google.mediapipe:tasks-genai:0.10.24] AndroidManifest.xml:15:9-17:40
195            android:name="libOpenCL.so"
195-->[com.google.mediapipe:tasks-genai:0.10.24] AndroidManifest.xml:16:13-40
196            android:required="false" />
196-->[com.google.mediapipe:tasks-genai:0.10.24] AndroidManifest.xml:17:13-37
197        <uses-native-library
197-->[com.google.mediapipe:tasks-genai:0.10.24] AndroidManifest.xml:15:9-17:40
198            android:name="libOpenCL-car.so"
198-->[com.google.mediapipe:tasks-genai:0.10.24] AndroidManifest.xml:16:13-40
199            android:required="false" />
199-->[com.google.mediapipe:tasks-genai:0.10.24] AndroidManifest.xml:17:13-37
200        <uses-native-library
200-->[com.google.mediapipe:tasks-genai:0.10.24] AndroidManifest.xml:15:9-17:40
201            android:name="libOpenCL-pixel.so"
201-->[com.google.mediapipe:tasks-genai:0.10.24] AndroidManifest.xml:16:13-40
202            android:required="false" />
202-->[com.google.mediapipe:tasks-genai:0.10.24] AndroidManifest.xml:17:13-37
203    </application>
204
205</manifest>